Using pre-set license
Built from '2021.1/release' branch; Version is '2021.1.1f1 (6fdc41dfa55a) revision 7330881'; Using compiler version '192528614'; Build Type 'Release'
OS: 'Windows 10 Pro; OS build 19042.928; Version 2009; 64bit' Language: 'ko' Physical Memory: 16169 MB
BatchMode: 1, IsHumanControllingUs: 0, StartBugReporterOnCrash: 0, Is64bit: 1, IsPro: 0

 COMMAND LINE ARGUMENTS:
D:\Unity\2021.1.1f1\Editor\Unity.exe
-adb2
-batchMode
-noUpm
-name
AssetImportWorker0
-projectPath
D:/VR20211/VR콘텐츠기획/PBJ
-logFile
Logs/AssetImportWorker0.log
-srvPort
12843
Successfully changed project path to: D:/VR20211/VR콘텐츠기획/PBJ
D:/VR20211/VR콘텐츠기획/PBJ
Using Asset Import Pipeline V2.
Refreshing native plugins compatible for Editor in 60.75 ms, found 1 plugins.
Preloading 0 native plugins for Editor in 0.00 ms.
Initialize engine version: 2021.1.1f1 (6fdc41dfa55a)
[Subsystems] Discovering subsystems at path D:/Unity/2021.1.1f1/Editor/Data/Resources/UnitySubsystems
[Subsystems] Discovering subsystems at path D:/VR20211/VR콘텐츠기획/PBJ/Assets
GfxDevice: creating device client; threaded=0; jobified=0
Direct3D:
    Version:  Direct3D 11.0 [level 11.1]
    Renderer: NVIDIA GeForce GTX 1660 Ti (ID=0x2191)
    Vendor:   NVIDIA
    VRAM:     5991 MB
    Driver:   27.21.14.5763
Initialize mono
Mono path[0] = 'D:/Unity/2021.1.1f1/Editor/Data/Managed'
Mono path[1] = 'D:/Unity/2021.1.1f1/Editor/Data/MonoBleedingEdge/lib/mono/unityjit'
Mono config path = 'D:/Unity/2021.1.1f1/Editor/Data/MonoBleedingEdge/etc'
Using monoOptions --debugger-agent=transport=dt_socket,embedding=1,server=y,suspend=n,address=127.0.0.1:56324
Begin MonoManager ReloadAssembly
Registering precompiled unity dll's ...
Register platform support module: D:/Unity/2021.1.1f1/Editor/Data/PlaybackEngines/WindowsStandaloneSupport/UnityEditor.WindowsStandalone.Extensions.dll
Registered in 0.000752 seconds.
Native extension for WindowsStandalone target not found
Refreshing native plugins compatible for Editor in 62.37 ms, found 1 plugins.
Preloading 0 native plugins for Editor in 0.00 ms.
Mono: successfully reloaded assembly
- Completed reload, in  0.885 seconds
Platform modules already initialized, skipping
Registering precompiled user dll's ...
Registered in 0.002161 seconds.
Begin MonoManager ReloadAssembly
Native extension for WindowsStandalone target not found
Refreshing native plugins compatible for Editor in 0.42 ms, found 1 plugins.
Preloading 0 native plugins for Editor in 0.00 ms.
Mono: successfully reloaded assembly
- Completed reload, in  0.825 seconds
Platform modules already initialized, skipping
========================================================================
Worker process is ready to serve import requests
Launched and connected shader compiler UnityShaderCompiler.exe after 0.02 seconds
Refreshing native plugins compatible for Editor in 0.41 ms, found 1 plugins.
Preloading 0 native plugins for Editor in 0.00 ms.
Unloading 2665 Unused Serialized files (Serialized files now loaded: 0)
System memory in use before: 98.1 MB.
System memory in use after: 98.3 MB.

Unloading 15 unused Assets to reduce memory usage. Loaded Objects now: 3117.
Total: 2.073900 ms (FindLiveObjects: 0.317000 ms CreateObjectMapping: 0.199000 ms MarkObjects: 1.503500 ms  DeleteObjects: 0.053700 ms)

========================================================================
Received Import Request.
  path: Assets/Scripts
  artifactKey: Guid(d190f18439709d9439c3484a569c7871) Importer(815301076,1909f56bfc062723c751e8b465ee728b)
Start importing Assets/Scripts using Guid(d190f18439709d9439c3484a569c7871) Importer(815301076,1909f56bfc062723c751e8b465ee728b)  -> (artifact id: 'f3a1468447ff8b27ddc2ef51805ba965') in 0.007187 seconds 
========================================================================
Received Import Request.
  Time since last request: 20.758346 seconds.
  path: Assets/GameManager.cs
  artifactKey: Guid(cc00cc52ee531474e8b548c48e538b29) Importer(815301076,1909f56bfc062723c751e8b465ee728b)
Start importing Assets/GameManager.cs using Guid(cc00cc52ee531474e8b548c48e538b29) Importer(815301076,1909f56bfc062723c751e8b465ee728b)  -> (artifact id: 'b59e90ed434ca8d2a80a0eab28eb9f54') in 0.035066 seconds 
========================================================================
Received Prepare
Registering precompiled user dll's ...
Registered in 0.001467 seconds.
Begin MonoManager ReloadAssembly
Native extension for WindowsStandalone target not found
Refreshing native plugins compatible for Editor in 0.51 ms, found 1 plugins.
Preloading 0 native plugins for Editor in 0.00 ms.
Mono: successfully reloaded assembly
- Completed reload, in  0.773 seconds
Platform modules already initialized, skipping
Refreshing native plugins compatible for Editor in 0.41 ms, found 1 plugins.
Preloading 0 native plugins for Editor in 0.00 ms.
Unloading 2661 Unused Serialized files (Serialized files now loaded: 0)
System memory in use before: 98.1 MB.
System memory in use after: 98.3 MB.

Unloading 10 unused Assets to reduce memory usage. Loaded Objects now: 3121.
Total: 2.932500 ms (FindLiveObjects: 0.212600 ms CreateObjectMapping: 0.130500 ms MarkObjects: 2.536700 ms  DeleteObjects: 0.051800 ms)

========================================================================
Received Prepare
Registering precompiled user dll's ...
Registered in 0.001507 seconds.
Begin MonoManager ReloadAssembly
Native extension for WindowsStandalone target not found
Refreshing native plugins compatible for Editor in 0.41 ms, found 1 plugins.
Preloading 0 native plugins for Editor in 0.00 ms.
Mono: successfully reloaded assembly
- Completed reload, in  0.757 seconds
Platform modules already initialized, skipping
Refreshing native plugins compatible for Editor in 0.53 ms, found 1 plugins.
Preloading 0 native plugins for Editor in 0.00 ms.
Unloading 2661 Unused Serialized files (Serialized files now loaded: 0)
System memory in use before: 98.2 MB.
System memory in use after: 98.4 MB.

Unloading 10 unused Assets to reduce memory usage. Loaded Objects now: 3124.
Total: 2.328200 ms (FindLiveObjects: 0.313200 ms CreateObjectMapping: 0.162000 ms MarkObjects: 1.805200 ms  DeleteObjects: 0.046900 ms)

========================================================================
Received Prepare
Registering precompiled user dll's ...
Registered in 0.001728 seconds.
Begin MonoManager ReloadAssembly
Native extension for WindowsStandalone target not found
Refreshing native plugins compatible for Editor in 0.43 ms, found 1 plugins.
Preloading 0 native plugins for Editor in 0.00 ms.
Mono: successfully reloaded assembly
- Completed reload, in  0.749 seconds
Platform modules already initialized, skipping
Refreshing native plugins compatible for Editor in 0.71 ms, found 1 plugins.
Preloading 0 native plugins for Editor in 0.00 ms.
Unloading 2661 Unused Serialized files (Serialized files now loaded: 0)
System memory in use before: 98.2 MB.
System memory in use after: 98.4 MB.

Unloading 10 unused Assets to reduce memory usage. Loaded Objects now: 3127.
Total: 3.137200 ms (FindLiveObjects: 0.800100 ms CreateObjectMapping: 0.402300 ms MarkObjects: 1.886300 ms  DeleteObjects: 0.044000 ms)

========================================================================
Received Import Request.
  Time since last request: 2210.168383 seconds.
  path: Assets/Scripts/GameManager.cs
  artifactKey: Guid(cc00cc52ee531474e8b548c48e538b29) Importer(815301076,1909f56bfc062723c751e8b465ee728b)
Start importing Assets/Scripts/GameManager.cs using Guid(cc00cc52ee531474e8b548c48e538b29) Importer(815301076,1909f56bfc062723c751e8b465ee728b)  -> (artifact id: '5d01e43dd9dcf0c81a3b320bc403b52c') in 0.005601 seconds 
========================================================================
Received Prepare
Registering precompiled user dll's ...
Registered in 0.001527 seconds.
Begin MonoManager ReloadAssembly
Native extension for WindowsStandalone target not found
Refreshing native plugins compatible for Editor in 0.74 ms, found 1 plugins.
Preloading 0 native plugins for Editor in 0.00 ms.
Mono: successfully reloaded assembly
- Completed reload, in  0.760 seconds
Platform modules already initialized, skipping
Refreshing native plugins compatible for Editor in 0.49 ms, found 1 plugins.
Preloading 0 native plugins for Editor in 0.00 ms.
Unloading 2661 Unused Serialized files (Serialized files now loaded: 0)
System memory in use before: 98.2 MB.
System memory in use after: 98.4 MB.

Unloading 10 unused Assets to reduce memory usage. Loaded Objects now: 3130.
Total: 1.792400 ms (FindLiveObjects: 0.206500 ms CreateObjectMapping: 0.129800 ms MarkObjects: 1.415500 ms  DeleteObjects: 0.039400 ms)

========================================================================
Received Import Request.
  Time since last request: 600.008919 seconds.
  path: Assets/Scripts/GameManager.cs
  artifactKey: Guid(cc00cc52ee531474e8b548c48e538b29) Importer(815301076,1909f56bfc062723c751e8b465ee728b)
Start importing Assets/Scripts/GameManager.cs using Guid(cc00cc52ee531474e8b548c48e538b29) Importer(815301076,1909f56bfc062723c751e8b465ee728b)  -> (artifact id: '1f0e5ba7e43eb073c2045b0aaaa5a6cf') in 0.004233 seconds 
========================================================================
Received Import Request.
  Time since last request: 386.859387 seconds.
  path: Assets/ChahactorController.cs
  artifactKey: Guid(2994da10b8fc6bf4b8605ab6d9103e15) Importer(815301076,1909f56bfc062723c751e8b465ee728b)
Start importing Assets/ChahactorController.cs using Guid(2994da10b8fc6bf4b8605ab6d9103e15) Importer(815301076,1909f56bfc062723c751e8b465ee728b)  -> (artifact id: '9787383b9ac96282bdfcfc168dd70c0b') in 0.016631 seconds 
========================================================================
Received Prepare
Registering precompiled user dll's ...
Registered in 0.001913 seconds.
Begin MonoManager ReloadAssembly
Native extension for WindowsStandalone target not found
Refreshing native plugins compatible for Editor in 0.41 ms, found 1 plugins.
Preloading 0 native plugins for Editor in 0.00 ms.
Mono: successfully reloaded assembly
- Completed reload, in  0.759 seconds
Platform modules already initialized, skipping
Refreshing native plugins compatible for Editor in 0.42 ms, found 1 plugins.
Preloading 0 native plugins for Editor in 0.00 ms.
Unloading 2662 Unused Serialized files (Serialized files now loaded: 0)
System memory in use before: 98.3 MB.
System memory in use after: 98.5 MB.

Unloading 10 unused Assets to reduce memory usage. Loaded Objects now: 3134.
Total: 2.243400 ms (FindLiveObjects: 0.320200 ms CreateObjectMapping: 0.212600 ms MarkObjects: 1.656500 ms  DeleteObjects: 0.053300 ms)

========================================================================
Received Prepare
Registering precompiled user dll's ...
Registered in 0.001583 seconds.
Begin MonoManager ReloadAssembly
Native extension for WindowsStandalone target not found
Refreshing native plugins compatible for Editor in 0.41 ms, found 1 plugins.
Preloading 0 native plugins for Editor in 0.00 ms.
Mono: successfully reloaded assembly
- Completed reload, in  0.742 seconds
Platform modules already initialized, skipping
Refreshing native plugins compatible for Editor in 0.50 ms, found 1 plugins.
Preloading 0 native plugins for Editor in 0.00 ms.
Unloading 2662 Unused Serialized files (Serialized files now loaded: 0)
System memory in use before: 98.3 MB.
System memory in use after: 98.5 MB.

Unloading 10 unused Assets to reduce memory usage. Loaded Objects now: 3137.
Total: 2.381900 ms (FindLiveObjects: 0.543400 ms CreateObjectMapping: 0.207900 ms MarkObjects: 1.543100 ms  DeleteObjects: 0.084300 ms)

========================================================================
Received Prepare
Registering precompiled user dll's ...
Registered in 0.001584 seconds.
Begin MonoManager ReloadAssembly
Native extension for WindowsStandalone target not found
Refreshing native plugins compatible for Editor in 0.46 ms, found 1 plugins.
Preloading 0 native plugins for Editor in 0.00 ms.
Mono: successfully reloaded assembly
- Completed reload, in  0.766 seconds
Platform modules already initialized, skipping
Refreshing native plugins compatible for Editor in 0.48 ms, found 1 plugins.
Preloading 0 native plugins for Editor in 0.00 ms.
Unloading 2662 Unused Serialized files (Serialized files now loaded: 0)
System memory in use before: 98.3 MB.
System memory in use after: 98.5 MB.

Unloading 10 unused Assets to reduce memory usage. Loaded Objects now: 3140.
Total: 1.956100 ms (FindLiveObjects: 0.250400 ms CreateObjectMapping: 0.143900 ms MarkObjects: 1.517800 ms  DeleteObjects: 0.042900 ms)

========================================================================
Received Import Request.
  Time since last request: 97.230561 seconds.
  path: Assets/Scripts/ChahactorController.cs
  artifactKey: Guid(2994da10b8fc6bf4b8605ab6d9103e15) Importer(815301076,1909f56bfc062723c751e8b465ee728b)
Start importing Assets/Scripts/ChahactorController.cs using Guid(2994da10b8fc6bf4b8605ab6d9103e15) Importer(815301076,1909f56bfc062723c751e8b465ee728b)  -> (artifact id: '149808654bc9ca07f66e51f9f17f456d') in 0.005959 seconds 
========================================================================
Received Import Request.
  Time since last request: 3.330142 seconds.
  path: Assets/Scripts/CharactorController.cs
  artifactKey: Guid(2994da10b8fc6bf4b8605ab6d9103e15) Importer(815301076,1909f56bfc062723c751e8b465ee728b)
Start importing Assets/Scripts/CharactorController.cs using Guid(2994da10b8fc6bf4b8605ab6d9103e15) Importer(815301076,1909f56bfc062723c751e8b465ee728b)  -> (artifact id: '3f1129ba72db78a34dea04c3b69cc205') in 0.005384 seconds 
========================================================================
Received Prepare
Registering precompiled user dll's ...
Registered in 0.001677 seconds.
Begin MonoManager ReloadAssembly
Native extension for WindowsStandalone target not found
Refreshing native plugins compatible for Editor in 0.42 ms, found 1 plugins.
Preloading 0 native plugins for Editor in 0.00 ms.
Mono: successfully reloaded assembly
- Completed reload, in  0.762 seconds
Platform modules already initialized, skipping
Refreshing native plugins compatible for Editor in 0.46 ms, found 1 plugins.
Preloading 0 native plugins for Editor in 0.00 ms.
Unloading 2662 Unused Serialized files (Serialized files now loaded: 0)
System memory in use before: 98.3 MB.
System memory in use after: 98.5 MB.

Unloading 10 unused Assets to reduce memory usage. Loaded Objects now: 3143.
Total: 1.732300 ms (FindLiveObjects: 0.229700 ms CreateObjectMapping: 0.157000 ms MarkObjects: 1.306600 ms  DeleteObjects: 0.038300 ms)

========================================================================
Received Prepare
Registering precompiled user dll's ...
Registered in 0.001513 seconds.
Begin MonoManager ReloadAssembly
Native extension for WindowsStandalone target not found
Refreshing native plugins compatible for Editor in 0.42 ms, found 1 plugins.
Preloading 0 native plugins for Editor in 0.00 ms.
Mono: successfully reloaded assembly
- Completed reload, in  0.692 seconds
Platform modules already initialized, skipping
Refreshing native plugins compatible for Editor in 0.40 ms, found 1 plugins.
Preloading 0 native plugins for Editor in 0.00 ms.
Unloading 2662 Unused Serialized files (Serialized files now loaded: 0)
System memory in use before: 98.3 MB.
System memory in use after: 98.5 MB.

Unloading 10 unused Assets to reduce memory usage. Loaded Objects now: 3146.
Total: 1.698500 ms (FindLiveObjects: 0.252300 ms CreateObjectMapping: 0.118700 ms MarkObjects: 1.276000 ms  DeleteObjects: 0.050200 ms)

========================================================================
Received Prepare
Registering precompiled user dll's ...
Registered in 0.001563 seconds.
Begin MonoManager ReloadAssembly
Native extension for WindowsStandalone target not found
Refreshing native plugins compatible for Editor in 0.49 ms, found 1 plugins.
Preloading 0 native plugins for Editor in 0.00 ms.
Mono: successfully reloaded assembly
- Completed reload, in  0.771 seconds
Platform modules already initialized, skipping
Refreshing native plugins compatible for Editor in 0.57 ms, found 1 plugins.
Preloading 0 native plugins for Editor in 0.00 ms.
Unloading 2662 Unused Serialized files (Serialized files now loaded: 0)
System memory in use before: 98.3 MB.
System memory in use after: 98.5 MB.

Unloading 10 unused Assets to reduce memory usage. Loaded Objects now: 3149.
Total: 1.716700 ms (FindLiveObjects: 0.221800 ms CreateObjectMapping: 0.140900 ms MarkObjects: 1.315800 ms  DeleteObjects: 0.037100 ms)

========================================================================
Received Import Request.
  Time since last request: 1102.859413 seconds.
  path: Assets/Plane.cs
  artifactKey: Guid(7878b04d1a0411e4ca7976ec5e4205f3) Importer(815301076,1909f56bfc062723c751e8b465ee728b)
Start importing Assets/Plane.cs using Guid(7878b04d1a0411e4ca7976ec5e4205f3) Importer(815301076,1909f56bfc062723c751e8b465ee728b)  -> (artifact id: '21d9b7ae418988258055edb9de2f9097') in 0.019717 seconds 
========================================================================
Received Prepare
Registering precompiled user dll's ...
Registered in 0.001603 seconds.
Begin MonoManager ReloadAssembly
Native extension for WindowsStandalone target not found
Refreshing native plugins compatible for Editor in 0.41 ms, found 1 plugins.
Preloading 0 native plugins for Editor in 0.00 ms.
Mono: successfully reloaded assembly
- Completed reload, in  0.732 seconds
Platform modules already initialized, skipping
Refreshing native plugins compatible for Editor in 0.71 ms, found 1 plugins.
Preloading 0 native plugins for Editor in 0.00 ms.
Unloading 2663 Unused Serialized files (Serialized files now loaded: 0)
System memory in use before: 98.3 MB.
System memory in use after: 98.5 MB.

Unloading 10 unused Assets to reduce memory usage. Loaded Objects now: 3153.
Total: 2.055600 ms (FindLiveObjects: 0.329300 ms CreateObjectMapping: 0.196500 ms MarkObjects: 1.462800 ms  DeleteObjects: 0.065800 ms)

========================================================================
Received Prepare
Registering precompiled user dll's ...
Registered in 0.001662 seconds.
Begin MonoManager ReloadAssembly
Native extension for WindowsStandalone target not found
Refreshing native plugins compatible for Editor in 0.45 ms, found 1 plugins.
Preloading 0 native plugins for Editor in 0.00 ms.
Mono: successfully reloaded assembly
- Completed reload, in  0.753 seconds
Platform modules already initialized, skipping
Refreshing native plugins compatible for Editor in 0.58 ms, found 1 plugins.
Preloading 0 native plugins for Editor in 0.00 ms.
Unloading 2663 Unused Serialized files (Serialized files now loaded: 0)
System memory in use before: 98.3 MB.
System memory in use after: 98.5 MB.

Unloading 10 unused Assets to reduce memory usage. Loaded Objects now: 3156.
Total: 1.707800 ms (FindLiveObjects: 0.221500 ms CreateObjectMapping: 0.155400 ms MarkObjects: 1.296300 ms  DeleteObjects: 0.033700 ms)

========================================================================
Received Prepare
Registering precompiled user dll's ...
Registered in 0.001755 seconds.
Begin MonoManager ReloadAssembly
Native extension for WindowsStandalone target not found
Refreshing native plugins compatible for Editor in 0.43 ms, found 1 plugins.
Preloading 0 native plugins for Editor in 0.00 ms.
Mono: successfully reloaded assembly
- Completed reload, in  0.765 seconds
Platform modules already initialized, skipping
Refreshing native plugins compatible for Editor in 0.41 ms, found 1 plugins.
Preloading 0 native plugins for Editor in 0.00 ms.
Unloading 2663 Unused Serialized files (Serialized files now loaded: 0)
System memory in use before: 98.3 MB.
System memory in use after: 98.5 MB.

Unloading 10 unused Assets to reduce memory usage. Loaded Objects now: 3159.
Total: 1.957700 ms (FindLiveObjects: 0.343500 ms CreateObjectMapping: 0.194800 ms MarkObjects: 1.376100 ms  DeleteObjects: 0.041900 ms)

AssetImportWorkerClient::OnTransportError - code=2 error=End of file
